<?xml version="1.0" encoding="UTF-8"?>
<!-- Generated by org.testng.reporters.JUnitReportReporter -->
<testsuite hostname="DESKTOP-T2BIG1G" failures="0" tests="1" name="internshiptestcase.TestLog" time="24.473" errors="0" timestamp="2025-02-05T13:49:27 IST" skipped="0">
  <testcase classname="internshiptestcase.TestLog" name="LogTest" time="24.473"/>
</testsuite> <!-- internshiptestcase.TestLog -->
