<?xml version="1.0" encoding="UTF-8"?>
<!-- Generated by org.testng.reporters.JUnitReportReporter -->
<testsuite hostname="DESKTOP-T2BIG1G" failures="0" tests="1" name="testcases.Amazonlog" time="54.415" errors="0" timestamp="2024-11-30T13:28:17 IST" skipped="0">
  <testcase classname="testcases.Amazonlog" name="test" time="54.415"/>
</testsuite> <!-- testcases.Amazonlog -->
