<?xml version="1.0" encoding="UTF-8"?>
<!-- Generated by org.testng.reporters.JUnitReportReporter -->
<testsuite hostname="DESKTOP-T2BIG1G" failures="0" tests="1" name="testcase.TestLog" time="23.689" errors="0" timestamp="2025-02-05T13:31:39 IST" skipped="0">
  <testcase classname="testcase.TestLog" name="LogTest" time="23.689"/>
</testsuite> <!-- testcase.TestLog -->
