<?xml version="1.0" encoding="UTF-8"?>
<!-- Generated by org.testng.reporters.JUnitReportReporter -->
<testsuite hostname="DESKTOP-T2BIG1G" failures="0" tests="1" name="ictinternship.TestLog" time="36.355" errors="0" timestamp="2025-02-05T13:30:08 IST" skipped="0">
  <testcase classname="ictinternship.TestLog" name="LogTest" time="36.355"/>
</testsuite> <!-- ictinternship.TestLog -->
