<?xml version="1.0" encoding="UTF-8"?>
<!-- Generated by org.testng.reporters.JUnitReportReporter -->
<testsuite hostname="DESKTOP-T2BIG1G" failures="0" tests="1" name="ictinternship.HomeTest" time="16.902" errors="0" timestamp="2025-01-28T13:07:11 IST" skipped="0">
  <testcase classname="ictinternship.HomeTest" name="verifyelements" time="16.902"/>
</testsuite> <!-- ictinternship.HomeTest -->
